<?xml version="1.0" encoding="UTF-8"?>
<!-- Generated by org.testng.reporters.JUnitReportReporter -->
<testsuite hostname="SIVAKUMAR" failures="0" tests="1" name="swag.assign" time="3.534" errors="0" timestamp="2022-11-07T22:48:59 IST" skipped="0">
  <testcase classname="swag.assign" name="f" time="3.534"/>
  <system-out/>
</testsuite> <!-- swag.assign -->
